<?xml version="1.0" encoding="UTF-8"?>
<!-- Generated by org.testng.reporters.JUnitXMLReporter -->
<testsuite hostname="DESKTOP-A9S8UE0" ignored="0" name="Command line test" tests="11" failures="0" timestamp="26 Jan 2020 19:49:36 GMT" time="239.28" errors="0">
  <testcase name="contactsPageTitleTest" time="0.431" classname="com.digiCRMTest.autoqa.testcases.ContactsPageTest"/>
  <testcase name="LoginButtonTest" time="4.711" classname="com.digiCRMTest.autoqa.testcases.HomePageTest"/>
  <testcase name="homePageTitleTest" time="0.017" classname="com.digiCRMTest.autoqa.testcases.HomePageTest"/>
  <testcase name="loginPageTitleTest" time="0.018" classname="com.digiCRMTest.autoqa.testcases.LoginPageTest"/>
  <testcase name="LoginTest" time="1.08" classname="com.digiCRMTest.autoqa.testcases.LoginPageTest"/>
  <testcase name="resetPasswordTest" time="1.547" classname="com.digiCRMTest.autoqa.testcases.PasswordResetPageTest"/>
  <testcase name="userLandingPageTitleTest" time="0.014" classname="com.digiCRMTest.autoqa.testcases.UserLandingPageTest"/>
  <testcase name="ContactsLinkTest" time="1.396" classname="com.digiCRMTest.autoqa.testcases.UserLandingPageTest"/>
  <testcase name="dealLinkTest" time="2.345" classname="com.digiCRMTest.autoqa.testcases.UserLandingPageTest"/>
  <testcase name="userNameTest" time="1.992" classname="com.digiCRMTest.autoqa.testcases.UserLandingPageTest"/>
  <testcase name="PasswordResetLinkTest" time="1.059" classname="com.digiCRMTest.autoqa.testcases.LoginPageTest"/>
</testsuite> <!-- Command line test -->
